<component name="libraryTable">
  <library name="junit-jupiter-engine-5.0.0">
    <CLASSES>
      <root url="jar://$USER_HOME$/Загрузки/junit-jupiter-engine-5.0.0.jar!/" />
    </CLASSES>
    <JAVADOC />
    <SOURCES />
  </library>
</component>